0 info it worked if it ends with ok
1 verbose cli [ '/usr/bin/nodejs', '/usr/bin/npm', 'run', 'start:dev' ]
2 info using npm@3.10.10
3 info using node@v6.11.0
4 verbose run-script [ 'prestart:dev', 'start:dev', 'poststart:dev' ]
5 info lifecycle You-Vote@~prestart:dev: You-Vote@
6 silly lifecycle You-Vote@~prestart:dev: no script for prestart:dev, continuing
7 info lifecycle You-Vote@~start:dev: You-Vote@
8 verbose lifecycle You-Vote@~start:dev: unsafe-perm in lifecycle true
9 verbose lifecycle You-Vote@~start:dev: PATH: /usr/lib/node_modules/npm/bin/node-gyp-bin:/mnt/FC8C84988C844ED8/Pthing/freecodecamp/votingapp/node_modules/.bin:/home/lkads/bin:/home/lkads/.local/bin:/usr/local/sbin:/usr/local/bin:/usr/sbin:/usr/bin:/sbin:/bin:/usr/games:/usr/local/games
10 verbose lifecycle You-Vote@~start:dev: CWD: /mnt/FC8C84988C844ED8/Pthing/freecodecamp/votingapp
11 silly lifecycle You-Vote@~start:dev: Args: [ '-c', 'node server.js ./config/config.dev.json' ]
12 silly lifecycle You-Vote@~start:dev: Returned: code: 1  signal: null
13 info lifecycle You-Vote@~start:dev: Failed to exec start:dev script
14 verbose stack Error: You-Vote@ start:dev: `node server.js ./config/config.dev.json`
14 verbose stack Exit status 1
14 verbose stack     at EventEmitter.<anonymous> (/usr/lib/node_modules/npm/lib/utils/lifecycle.js:255:16)
14 verbose stack     at emitTwo (events.js:106:13)
14 verbose stack     at EventEmitter.emit (events.js:191:7)
14 verbose stack     at ChildProcess.<anonymous> (/usr/lib/node_modules/npm/lib/utils/spawn.js:40:14)
14 verbose stack     at emitTwo (events.js:106:13)
14 verbose stack     at ChildProcess.emit (events.js:191:7)
14 verbose stack     at maybeClose (internal/child_process.js:891:16)
14 verbose stack     at Process.ChildProcess._handle.onexit (internal/child_process.js:226:5)
15 verbose pkgid You-Vote@
16 verbose cwd /mnt/FC8C84988C844ED8/Pthing/freecodecamp/votingapp
17 error Linux 4.8.0-58-generic
18 error argv "/usr/bin/nodejs" "/usr/bin/npm" "run" "start:dev"
19 error node v6.11.0
20 error npm  v3.10.10
21 error code ELIFECYCLE
22 error You-Vote@ start:dev: `node server.js ./config/config.dev.json`
22 error Exit status 1
23 error Failed at the You-Vote@ start:dev script 'node server.js ./config/config.dev.json'.
23 error Make sure you have the latest version of node.js and npm installed.
23 error If you do, this is most likely a problem with the You-Vote package,
23 error not with npm itself.
23 error Tell the author that this fails on your system:
23 error     node server.js ./config/config.dev.json
23 error You can get information on how to open an issue for this project with:
23 error     npm bugs You-Vote
23 error Or if that isn't available, you can get their info via:
23 error     npm owner ls You-Vote
23 error There is likely additional logging output above.
24 verbose exit [ 1, true ]
